<?xml version="1.0" encoding="UTF-8"?>
<testng-results ignored="0" total="5" passed="5" failed="0" skipped="0">
  <reporter-output>
  </reporter-output>
  <suite started-at="2021-04-17T18:33:46 IST" name="Default suite" finished-at="2021-04-17T18:35:28 IST" duration-ms="102026">
    <groups>
    </groups>
    <test started-at="2021-04-17T18:33:46 IST" name="Default test" finished-at="2021-04-17T18:35:28 IST" duration-ms="102026">
      <class name="com.example.mavensample.Test03_Selenium">
        <test-method signature="test_01()[pri:0, instance:com.example.mavensample.Test03_Selenium@6e0dec4a]" started-at="2021-04-17T18:33:46 IST" name="test_01" finished-at="2021-04-17T18:35:21 IST" duration-ms="94567" status="PASS">
          <reporter-output>
          </reporter-output>
        </test-method> <!-- test_01 -->
      </class> <!-- com.example.mavensample.Test03_Selenium -->
      <class name="com.example.mavensample.Test02_GET">
        <test-method signature="test_1()[pri:0, instance:com.example.mavensample.Test02_GET@78e117e3]" started-at="2021-04-17T18:35:21 IST" name="test_1" finished-at="2021-04-17T18:35:27 IST" duration-ms="6604" status="PASS">
          <reporter-output>
          </reporter-output>
        </test-method> <!-- test_1 -->
      </class> <!-- com.example.mavensample.Test02_GET -->
      <class name="com.example.mavensample.Test01_GET">
        <test-method signature="test_01()[pri:0, instance:com.example.mavensample.Test01_GET@2ea227af]" started-at="2021-04-17T18:35:27 IST" name="test_01" finished-at="2021-04-17T18:35:28 IST" duration-ms="352" status="PASS">
          <reporter-output>
          </reporter-output>
        </test-method> <!-- test_01 -->
        <test-method signature="test_02()[pri:0, instance:com.example.mavensample.Test01_GET@2ea227af]" started-at="2021-04-17T18:35:28 IST" name="test_02" finished-at="2021-04-17T18:35:28 IST" duration-ms="406" status="PASS">
          <reporter-output>
          </reporter-output>
        </test-method> <!-- test_02 -->
      </class> <!-- com.example.mavensample.Test01_GET -->
      <class name="com.example.mavensample.Test03_POST">
        <test-method signature="test_01()[pri:0, instance:com.example.mavensample.Test03_POST@4386f16]" started-at="2021-04-17T18:35:28 IST" name="test_01" finished-at="2021-04-17T18:35:28 IST" duration-ms="2" status="PASS">
          <reporter-output>
          </reporter-output>
        </test-method> <!-- test_01 -->
      </class> <!-- com.example.mavensample.Test03_POST -->
    </test> <!-- Default test -->
  </suite> <!-- Default suite -->
</testng-results>
