<?xml version="1.0" encoding="UTF-8"?>
<!-- Generated by org.testng.reporters.JUnitXMLReporter -->
<testsuite ignored="0" hostname="LAPTOP-N04MRAN0" failures="0" tests="5" name="Default test" time="102.026" errors="0" timestamp="2021-04-17T18:35:28 IST">
  <testcase classname="com.example.mavensample.Test03_Selenium" name="test_01" time="94.567"/>
  <testcase classname="com.example.mavensample.Test02_GET" name="test_1" time="6.604"/>
  <testcase classname="com.example.mavensample.Test01_GET" name="test_01" time="0.352"/>
  <testcase classname="com.example.mavensample.Test01_GET" name="test_02" time="0.406"/>
  <testcase classname="com.example.mavensample.Test03_POST" name="test_01" time="0.002"/>
</testsuite> <!-- Default test -->
