<?xml version="1.0" encoding="UTF-8"?>
<testng-results ignored="0" total="2" passed="2" failed="0" skipped="0">
  <reporter-output>
  </reporter-output>
  <suite started-at="2021-05-03T22:57:24 IST" name="Default suite" finished-at="2021-05-03T22:57:26 IST" duration-ms="2059">
    <groups>
    </groups>
    <test started-at="2021-05-03T22:57:24 IST" name="Default test" finished-at="2021-05-03T22:57:26 IST" duration-ms="2059">
      <class name="com.example.mavensample.Test01_GET">
        <test-method is-config="true" signature="test_before()[pri:0, instance:com.example.mavensample.Test01_GET@470f1802]" started-at="2021-05-03T22:57:24 IST" name="test_before" finished-at="2021-05-03T22:57:24 IST" duration-ms="6" status="PASS">
          <reporter-output>
          </reporter-output>
        </test-method> <!-- test_before -->
        <test-method signature="test_01()[pri:0, instance:com.example.mavensample.Test01_GET@470f1802]" started-at="2021-05-03T22:57:24 IST" name="test_01" finished-at="2021-05-03T22:57:26 IST" duration-ms="1502" status="PASS">
          <reporter-output>
          </reporter-output>
        </test-method> <!-- test_01 -->
        <test-method signature="test_02()[pri:0, instance:com.example.mavensample.Test01_GET@470f1802]" started-at="2021-05-03T22:57:26 IST" name="test_02" finished-at="2021-05-03T22:57:26 IST" duration-ms="525" status="PASS">
          <reporter-output>
          </reporter-output>
        </test-method> <!-- test_02 -->
      </class> <!-- com.example.mavensample.Test01_GET -->
    </test> <!-- Default test -->
  </suite> <!-- Default suite -->
</testng-results>
